00:34:03.485 [Worker-2] INFO  o.a.AndroidAnnotationProcessor:85 - Initialize AndroidAnnotations 3.0.1 with options {phase=BUILD}
00:34:03.490 [Worker-2] INFO  o.a.AndroidAnnotationProcessor:109 - Start processing for 5 annotations on 10 elements
00:34:03.505 [Worker-2] DEBUG o.a.h.AndroidManifestFinder:137 - AndroidManifest.xml file found in parent folder C:\Projects_java\huba-huma: C:\Projects_java\huba-huma\AndroidManifest.xml
00:34:03.510 [Worker-2] INFO  o.a.AndroidAnnotationProcessor:172 - AndroidManifest.xml found: AndroidManifest [applicationPackage=com.hubahuma.mobile, componentQualifiedNames=[com.hubahuma.mobile.MainActivity_, com.hubahuma.mobile.NewsActivity_, com.hubahuma.mobile.WritingActivity_, com.hubahuma.mobile.DiscoveryActivity_, com.hubahuma.mobile.ProfileActivity_, com.hubahuma.mobile.InfoActivity_, com.hubahuma.mobile.news.MessageActivity_], permissionQualifiedNames=[], applicationClassName=null, libraryProject=false, debugabble=false, minSdkVersion=8, maxSdkVersion=-1, targetSdkVersion=20]
00:34:03.513 [Worker-2] INFO  o.a.r.ProjectRClassFinder:50 - Found project R class: com.hubahuma.mobile.R
00:34:03.521 [Worker-2] INFO  o.a.r.AndroidRClassFinder:44 - Found Android class: android.R
00:34:03.528 [Worker-2] INFO  o.a.p.ModelValidator:42 - Validating elements
00:34:03.532 [Worker-2] DEBUG o.a.p.ModelValidator:62 - Validating with EActivityHandler: [com.hubahuma.mobile.ProfileActivity, com.hubahuma.mobile.NewsActivity, com.hubahuma.mobile.InfoActivity, com.hubahuma.mobile.MainActivity, com.hubahuma.mobile.DiscoveryActivity, com.hubahuma.mobile.WritingActivity, com.hubahuma.mobile.news.MessageActivity]
00:34:03.536 [Worker-2] DEBUG o.a.p.ModelValidator:62 - Validating with ViewByIdHandler: [contactsBtn, msgRedspot, radioGroup, messageBtn, diaryBtn, mainTabNewsCounter]
00:34:03.541 [Worker-2] DEBUG o.a.p.ModelValidator:62 - Validating with ClickHandler: [void btn_teaching_diary() , void btn_contacts() , void btn_message() , void btn_back() ]
00:34:03.547 [Worker-2] DEBUG o.a.p.ModelValidator:62 - Validating with NoTitleHandler: [com.hubahuma.mobile.MainActivity, com.hubahuma.mobile.news.MessageActivity]
00:34:03.552 [Worker-2] DEBUG o.a.p.ModelValidator:62 - Validating with AfterViewsHandler: [void setValue() , void init() ]
00:34:03.557 [Worker-2] INFO  o.a.p.ModelProcessor:73 - Processing root elements
00:34:03.562 [Worker-2] DEBUG o.a.p.ModelProcessor:80 - Processing root elements EActivityHandler: [com.hubahuma.mobile.ProfileActivity, com.hubahuma.mobile.NewsActivity, com.hubahuma.mobile.InfoActivity, com.hubahuma.mobile.MainActivity, com.hubahuma.mobile.DiscoveryActivity, com.hubahuma.mobile.WritingActivity, com.hubahuma.mobile.news.MessageActivity]
00:34:03.573 [Worker-2] INFO  o.a.p.ModelProcessor:104 - Processing enclosed elements
00:34:03.578 [Worker-2] INFO  o.a.AndroidAnnotationProcessor:251 - Number of files generated by AndroidAnnotations: 7
00:34:03.582 [Worker-2] INFO  o.a.g.ApiCodeGenerator:52 - Writting following API classes in project: []
00:34:03.587 [Worker-2] DEBUG o.a.g.SourceCodewriter:55 - Generating class: com.hubahuma.mobile.DiscoveryActivity_
00:34:03.600 [Worker-2] DEBUG o.a.g.SourceCodewriter:55 - Generating class: com.hubahuma.mobile.InfoActivity_
00:34:03.614 [Worker-2] DEBUG o.a.g.SourceCodewriter:55 - Generating class: com.hubahuma.mobile.MainActivity_
00:34:03.623 [Worker-2] DEBUG o.a.g.SourceCodewriter:55 - Generating class: com.hubahuma.mobile.NewsActivity_
00:34:03.637 [Worker-2] DEBUG o.a.g.SourceCodewriter:55 - Generating class: com.hubahuma.mobile.ProfileActivity_
00:34:03.646 [Worker-2] DEBUG o.a.g.SourceCodewriter:55 - Generating class: com.hubahuma.mobile.WritingActivity_
00:34:03.657 [Worker-2] DEBUG o.a.g.SourceCodewriter:55 - Generating class: com.hubahuma.mobile.news.MessageActivity_
00:34:03.667 [Worker-2] INFO  o.a.p.TimeStats:81 - Time measurements: [Whole Processing = 177 ms], [Generate Sources = 89 ms], [Validate Annotations = 29 ms], [Process Annotations = 21 ms], [Find R Classes = 14 ms], [Extract Annotations = 12 ms], [Extract Manifest = 5 ms], 
00:34:03.673 [Worker-2] INFO  o.a.AndroidAnnotationProcessor:123 - Finish processing
00:34:10.592 [Worker-10] INFO  o.a.AndroidAnnotationProcessor:85 - Initialize AndroidAnnotations 3.0.1 with options {phase=BUILD}
00:36:58.864 [Worker-4] INFO  o.a.AndroidAnnotationProcessor:85 - Initialize AndroidAnnotations 3.0.1 with options {phase=BUILD}
00:36:58.991 [Worker-4] INFO  o.a.AndroidAnnotationProcessor:109 - Start processing for 5 annotations on 14 elements
00:36:59.15 [Worker-4] DEBUG o.a.h.AndroidManifestFinder:137 - AndroidManifest.xml file found in parent folder C:\Projects_java\huba-huma: C:\Projects_java\huba-huma\AndroidManifest.xml
00:36:59.22 [Worker-4] INFO  o.a.AndroidAnnotationProcessor:172 - AndroidManifest.xml found: AndroidManifest [applicationPackage=com.hubahuma.mobile, componentQualifiedNames=[com.hubahuma.mobile.MainActivity_, com.hubahuma.mobile.NewsActivity_, com.hubahuma.mobile.WritingActivity_, com.hubahuma.mobile.DiscoveryActivity_, com.hubahuma.mobile.ProfileActivity_, com.hubahuma.mobile.InfoActivity_, com.hubahuma.mobile.news.MessageActivity_], permissionQualifiedNames=[], applicationClassName=null, libraryProject=false, debugabble=false, minSdkVersion=8, maxSdkVersion=-1, targetSdkVersion=20]
00:36:59.27 [Worker-4] INFO  o.a.r.ProjectRClassFinder:50 - Found project R class: com.hubahuma.mobile.R
00:36:59.35 [Worker-4] INFO  o.a.r.AndroidRClassFinder:44 - Found Android class: android.R
00:36:59.45 [Worker-4] INFO  o.a.p.ModelValidator:42 - Validating elements
00:36:59.52 [Worker-4] DEBUG o.a.p.ModelValidator:62 - Validating with EActivityHandler: [com.hubahuma.mobile.ProfileActivity, com.hubahuma.mobile.NewsActivity, com.hubahuma.mobile.InfoActivity, com.hubahuma.mobile.MainActivity, com.hubahuma.mobile.DiscoveryActivity, com.hubahuma.mobile.WritingActivity, com.hubahuma.mobile.news.MessageActivity]
00:36:59.57 [Worker-4] DEBUG o.a.p.ModelValidator:62 - Validating with ViewByIdHandler: [msgRedspot, diaryBtn, mainTabNewsCounter, messageBtn, contactsBtn, radioGroup]
00:36:59.63 [Worker-4] DEBUG o.a.p.ModelValidator:62 - Validating with ClickHandler: [void btn_teaching_diary() , void btn_back() , void btn_message() , void btn_contacts() ]
00:36:59.69 [Worker-4] DEBUG o.a.p.ModelValidator:62 - Validating with NoTitleHandler: [com.hubahuma.mobile.MainActivity, com.hubahuma.mobile.news.MessageActivity]
00:36:59.74 [Worker-4] DEBUG o.a.p.ModelValidator:62 - Validating with AfterViewsHandler: [void setValue() , void init() ]
00:36:59.79 [Worker-4] INFO  o.a.p.ModelProcessor:73 - Processing root elements
00:36:59.83 [Worker-4] DEBUG o.a.p.ModelProcessor:80 - Processing root elements EActivityHandler: [com.hubahuma.mobile.ProfileActivity, com.hubahuma.mobile.NewsActivity, com.hubahuma.mobile.InfoActivity, com.hubahuma.mobile.MainActivity, com.hubahuma.mobile.DiscoveryActivity, com.hubahuma.mobile.WritingActivity, com.hubahuma.mobile.news.MessageActivity]
00:36:59.94 [Worker-4] INFO  o.a.p.ModelProcessor:104 - Processing enclosed elements
00:36:59.101 [Worker-4] DEBUG o.a.p.ModelProcessor:116 - Processing enclosed elements with ViewByIdHandler: [org.androidannotations.model.AnnotationElements$AnnotatedAndRootElements@4cb6da25, org.androidannotations.model.AnnotationElements$AnnotatedAndRootElements@21917eb4, org.androidannotations.model.AnnotationElements$AnnotatedAndRootElements@2b2eb726, org.androidannotations.model.AnnotationElements$AnnotatedAndRootElements@6d6a6786, org.androidannotations.model.AnnotationElements$AnnotatedAndRootElements@597f2b72, org.androidannotations.model.AnnotationElements$AnnotatedAndRootElements@2854262b]
00:36:59.106 [Worker-4] DEBUG o.a.p.ModelProcessor:116 - Processing enclosed elements with ClickHandler: [org.androidannotations.model.AnnotationElements$AnnotatedAndRootElements@560351e4, org.androidannotations.model.AnnotationElements$AnnotatedAndRootElements@42f9098e, org.androidannotations.model.AnnotationElements$AnnotatedAndRootElements@26ebdfb3, org.androidannotations.model.AnnotationElements$AnnotatedAndRootElements@18b5e3e8]
00:36:59.112 [Worker-4] DEBUG o.a.p.ModelProcessor:116 - Processing enclosed elements with NoTitleHandler: [org.androidannotations.model.AnnotationElements$AnnotatedAndRootElements@55821f27, org.androidannotations.model.AnnotationElements$AnnotatedAndRootElements@127fd312]
00:36:59.116 [Worker-4] DEBUG o.a.p.ModelProcessor:116 - Processing enclosed elements with AfterViewsHandler: [org.androidannotations.model.AnnotationElements$AnnotatedAndRootElements@67ee464e, org.androidannotations.model.AnnotationElements$AnnotatedAndRootElements@3188103d]
00:36:59.121 [Worker-4] INFO  o.a.AndroidAnnotationProcessor:251 - Number of files generated by AndroidAnnotations: 7
00:36:59.126 [Worker-4] INFO  o.a.g.ApiCodeGenerator:52 - Writting following API classes in project: []
00:36:59.131 [Worker-4] DEBUG o.a.g.SourceCodewriter:55 - Generating class: com.hubahuma.mobile.DiscoveryActivity_
00:36:59.137 [Worker-4] DEBUG o.a.g.SourceCodewriter:55 - Generating class: com.hubahuma.mobile.InfoActivity_
00:36:59.143 [Worker-4] DEBUG o.a.g.SourceCodewriter:55 - Generating class: com.hubahuma.mobile.MainActivity_
00:36:59.168 [Worker-4] DEBUG o.a.g.SourceCodewriter:55 - Generating class: com.hubahuma.mobile.NewsActivity_
00:36:59.187 [Worker-4] DEBUG o.a.g.SourceCodewriter:55 - Generating class: com.hubahuma.mobile.ProfileActivity_
00:36:59.193 [Worker-4] DEBUG o.a.g.SourceCodewriter:55 - Generating class: com.hubahuma.mobile.WritingActivity_
00:36:59.198 [Worker-4] DEBUG o.a.g.SourceCodewriter:55 - Generating class: com.hubahuma.mobile.news.MessageActivity_
00:36:59.203 [Worker-4] INFO  o.a.p.TimeStats:81 - Time measurements: [Whole Processing = 212 ms], [Generate Sources = 82 ms], [Process Annotations = 42 ms], [Validate Annotations = 34 ms], [Extract Annotations = 19 ms], [Find R Classes = 18 ms], [Extract Manifest = 7 ms], 
00:36:59.208 [Worker-4] INFO  o.a.AndroidAnnotationProcessor:123 - Finish processing
00:40:46.929 [Worker-10] INFO  o.a.AndroidAnnotationProcessor:85 - Initialize AndroidAnnotations 3.0.1 with options {phase=BUILD}
00:40:46.936 [Worker-10] INFO  o.a.AndroidAnnotationProcessor:109 - Start processing for 3 annotations on 1 elements
00:40:46.962 [Worker-10] DEBUG o.a.h.AndroidManifestFinder:137 - AndroidManifest.xml file found in parent folder C:\Projects_java\huba-huma: C:\Projects_java\huba-huma\AndroidManifest.xml
00:40:46.974 [Worker-10] INFO  o.a.AndroidAnnotationProcessor:172 - AndroidManifest.xml found: AndroidManifest [applicationPackage=com.hubahuma.mobile, componentQualifiedNames=[com.hubahuma.mobile.MainActivity_, com.hubahuma.mobile.NewsActivity_, com.hubahuma.mobile.WritingActivity_, com.hubahuma.mobile.DiscoveryActivity_, com.hubahuma.mobile.ProfileActivity_, com.hubahuma.mobile.InfoActivity_, com.hubahuma.mobile.news.MessageActivity_], permissionQualifiedNames=[], applicationClassName=null, libraryProject=false, debugabble=false, minSdkVersion=8, maxSdkVersion=-1, targetSdkVersion=20]
00:40:46.981 [Worker-10] INFO  o.a.r.ProjectRClassFinder:50 - Found project R class: com.hubahuma.mobile.R
00:40:46.994 [Worker-10] INFO  o.a.r.AndroidRClassFinder:44 - Found Android class: android.R
00:40:47.11 [Worker-10] INFO  o.a.p.ModelValidator:42 - Validating elements
00:40:47.18 [Worker-10] DEBUG o.a.p.ModelValidator:62 - Validating with EActivityHandler: [com.hubahuma.mobile.news.MessageActivity]
00:40:47.26 [Worker-10] DEBUG o.a.p.ModelValidator:62 - Validating with ClickHandler: [void btn_back() ]
00:40:47.33 [Worker-10] DEBUG o.a.p.ModelValidator:62 - Validating with NoTitleHandler: [com.hubahuma.mobile.news.MessageActivity]
00:40:47.40 [Worker-10] INFO  o.a.p.ModelProcessor:73 - Processing root elements
00:40:47.47 [Worker-10] DEBUG o.a.p.ModelProcessor:80 - Processing root elements EActivityHandler: [com.hubahuma.mobile.news.MessageActivity]
00:40:47.56 [Worker-10] INFO  o.a.p.ModelProcessor:104 - Processing enclosed elements
00:40:47.64 [Worker-10] INFO  o.a.AndroidAnnotationProcessor:251 - Number of files generated by AndroidAnnotations: 1
00:40:47.70 [Worker-10] INFO  o.a.g.ApiCodeGenerator:52 - Writting following API classes in project: []
00:40:47.75 [Worker-10] DEBUG o.a.g.SourceCodewriter:55 - Generating class: com.hubahuma.mobile.news.MessageActivity_
00:40:47.84 [Worker-10] INFO  o.a.p.TimeStats:81 - Time measurements: [Whole Processing = 148 ms], [Find R Classes = 30 ms], [Validate Annotations = 29 ms], [Process Annotations = 24 ms], [Generate Sources = 20 ms], [Extract Annotations = 19 ms], [Extract Manifest = 12 ms], 
00:40:47.90 [Worker-10] INFO  o.a.AndroidAnnotationProcessor:123 - Finish processing
00:41:57.741 [Worker-7] INFO  o.a.AndroidAnnotationProcessor:85 - Initialize AndroidAnnotations 3.0.1 with options {phase=BUILD}
00:41:57.748 [Worker-7] INFO  o.a.AndroidAnnotationProcessor:109 - Start processing for 3 annotations on 1 elements
00:41:57.771 [Worker-7] DEBUG o.a.h.AndroidManifestFinder:137 - AndroidManifest.xml file found in parent folder C:\Projects_java\huba-huma: C:\Projects_java\huba-huma\AndroidManifest.xml
00:41:57.780 [Worker-7] INFO  o.a.AndroidAnnotationProcessor:172 - AndroidManifest.xml found: AndroidManifest [applicationPackage=com.hubahuma.mobile, componentQualifiedNames=[com.hubahuma.mobile.MainActivity_, com.hubahuma.mobile.NewsActivity_, com.hubahuma.mobile.WritingActivity_, com.hubahuma.mobile.DiscoveryActivity_, com.hubahuma.mobile.ProfileActivity_, com.hubahuma.mobile.InfoActivity_, com.hubahuma.mobile.news.MessageActivity_], permissionQualifiedNames=[], applicationClassName=null, libraryProject=false, debugabble=false, minSdkVersion=8, maxSdkVersion=-1, targetSdkVersion=20]
00:41:57.788 [Worker-7] INFO  o.a.r.ProjectRClassFinder:50 - Found project R class: com.hubahuma.mobile.R
00:41:57.801 [Worker-7] INFO  o.a.r.AndroidRClassFinder:44 - Found Android class: android.R
00:41:57.812 [Worker-7] INFO  o.a.p.ModelValidator:42 - Validating elements
00:41:57.818 [Worker-7] DEBUG o.a.p.ModelValidator:62 - Validating with EActivityHandler: [com.hubahuma.mobile.news.MessageActivity]
00:41:57.825 [Worker-7] DEBUG o.a.p.ModelValidator:62 - Validating with ClickHandler: [void btn_back() ]
00:41:57.831 [Worker-7] DEBUG o.a.p.ModelValidator:62 - Validating with NoTitleHandler: [com.hubahuma.mobile.news.MessageActivity]
00:41:57.837 [Worker-7] INFO  o.a.p.ModelProcessor:73 - Processing root elements
00:41:57.843 [Worker-7] DEBUG o.a.p.ModelProcessor:80 - Processing root elements EActivityHandler: [com.hubahuma.mobile.news.MessageActivity]
00:41:57.850 [Worker-7] INFO  o.a.p.ModelProcessor:104 - Processing enclosed elements
00:41:57.856 [Worker-7] INFO  o.a.AndroidAnnotationProcessor:251 - Number of files generated by AndroidAnnotations: 1
00:41:57.862 [Worker-7] INFO  o.a.g.ApiCodeGenerator:52 - Writting following API classes in project: []
00:41:57.868 [Worker-7] DEBUG o.a.g.SourceCodewriter:55 - Generating class: com.hubahuma.mobile.news.MessageActivity_
00:41:57.875 [Worker-7] INFO  o.a.p.TimeStats:81 - Time measurements: [Whole Processing = 127 ms], [Validate Annotations = 25 ms], [Find R Classes = 24 ms], [Process Annotations = 19 ms], [Generate Sources = 19 ms], [Extract Annotations = 16 ms], [Extract Manifest = 10 ms], 
00:41:57.880 [Worker-7] INFO  o.a.AndroidAnnotationProcessor:123 - Finish processing
00:42:03.273 [Worker-10] INFO  o.a.AndroidAnnotationProcessor:85 - Initialize AndroidAnnotations 3.0.1 with options {phase=BUILD}
00:42:03.278 [Worker-10] INFO  o.a.AndroidAnnotationProcessor:109 - Start processing for 3 annotations on 1 elements
00:42:03.294 [Worker-10] DEBUG o.a.h.AndroidManifestFinder:137 - AndroidManifest.xml file found in parent folder C:\Projects_java\huba-huma: C:\Projects_java\huba-huma\AndroidManifest.xml
00:42:03.302 [Worker-10] INFO  o.a.AndroidAnnotationProcessor:172 - AndroidManifest.xml found: AndroidManifest [applicationPackage=com.hubahuma.mobile, componentQualifiedNames=[com.hubahuma.mobile.MainActivity_, com.hubahuma.mobile.NewsActivity_, com.hubahuma.mobile.WritingActivity_, com.hubahuma.mobile.DiscoveryActivity_, com.hubahuma.mobile.ProfileActivity_, com.hubahuma.mobile.InfoActivity_, com.hubahuma.mobile.news.MessageActivity_], permissionQualifiedNames=[], applicationClassName=null, libraryProject=false, debugabble=false, minSdkVersion=8, maxSdkVersion=-1, targetSdkVersion=20]
00:42:03.308 [Worker-10] INFO  o.a.r.ProjectRClassFinder:50 - Found project R class: com.hubahuma.mobile.R
00:42:03.316 [Worker-10] INFO  o.a.r.AndroidRClassFinder:44 - Found Android class: android.R
00:42:03.325 [Worker-10] INFO  o.a.p.ModelValidator:42 - Validating elements
00:42:03.329 [Worker-10] DEBUG o.a.p.ModelValidator:62 - Validating with EActivityHandler: [com.hubahuma.mobile.news.MessageActivity]
00:42:03.335 [Worker-10] DEBUG o.a.p.ModelValidator:62 - Validating with ClickHandler: [void btn_back() ]
00:42:03.341 [Worker-10] DEBUG o.a.p.ModelValidator:62 - Validating with NoTitleHandler: [com.hubahuma.mobile.news.MessageActivity]
00:42:03.346 [Worker-10] INFO  o.a.p.ModelProcessor:73 - Processing root elements
00:42:03.351 [Worker-10] DEBUG o.a.p.ModelProcessor:80 - Processing root elements EActivityHandler: [com.hubahuma.mobile.news.MessageActivity]
00:42:03.358 [Worker-10] INFO  o.a.p.ModelProcessor:104 - Processing enclosed elements
00:42:03.364 [Worker-10] INFO  o.a.AndroidAnnotationProcessor:251 - Number of files generated by AndroidAnnotations: 1
00:42:03.368 [Worker-10] INFO  o.a.g.ApiCodeGenerator:52 - Writting following API classes in project: []
00:42:03.375 [Worker-10] DEBUG o.a.g.SourceCodewriter:55 - Generating class: com.hubahuma.mobile.news.MessageActivity_
00:42:03.382 [Worker-10] INFO  o.a.p.TimeStats:81 - Time measurements: [Whole Processing = 104 ms], [Validate Annotations = 21 ms], [Process Annotations = 18 ms], [Generate Sources = 18 ms], [Find R Classes = 17 ms], [Extract Annotations = 11 ms], [Extract Manifest = 8 ms], 
00:42:03.389 [Worker-10] INFO  o.a.AndroidAnnotationProcessor:123 - Finish processing
00:44:03.319 [Worker-8] INFO  o.a.AndroidAnnotationProcessor:85 - Initialize AndroidAnnotations 3.0.1 with options {phase=BUILD}
00:44:03.327 [Worker-8] INFO  o.a.AndroidAnnotationProcessor:109 - Start processing for 3 annotations on 1 elements
00:44:03.347 [Worker-8] DEBUG o.a.h.AndroidManifestFinder:137 - AndroidManifest.xml file found in parent folder C:\Projects_java\huba-huma: C:\Projects_java\huba-huma\AndroidManifest.xml
00:44:03.355 [Worker-8] INFO  o.a.AndroidAnnotationProcessor:172 - AndroidManifest.xml found: AndroidManifest [applicationPackage=com.hubahuma.mobile, componentQualifiedNames=[com.hubahuma.mobile.MainActivity_, com.hubahuma.mobile.NewsActivity_, com.hubahuma.mobile.WritingActivity_, com.hubahuma.mobile.DiscoveryActivity_, com.hubahuma.mobile.ProfileActivity_, com.hubahuma.mobile.InfoActivity_, com.hubahuma.mobile.news.MessageActivity_], permissionQualifiedNames=[], applicationClassName=null, libraryProject=false, debugabble=false, minSdkVersion=8, maxSdkVersion=-1, targetSdkVersion=20]
00:44:03.360 [Worker-8] INFO  o.a.r.ProjectRClassFinder:50 - Found project R class: com.hubahuma.mobile.R
00:44:03.369 [Worker-8] INFO  o.a.r.AndroidRClassFinder:44 - Found Android class: android.R
00:44:03.380 [Worker-8] INFO  o.a.p.ModelValidator:42 - Validating elements
00:44:03.385 [Worker-8] DEBUG o.a.p.ModelValidator:62 - Validating with EActivityHandler: [com.hubahuma.mobile.news.MessageActivity]
00:44:03.390 [Worker-8] DEBUG o.a.p.ModelValidator:62 - Validating with ClickHandler: [void btn_back() ]
00:44:03.395 [Worker-8] DEBUG o.a.p.ModelValidator:62 - Validating with NoTitleHandler: [com.hubahuma.mobile.news.MessageActivity]
00:44:03.400 [Worker-8] INFO  o.a.p.ModelProcessor:73 - Processing root elements
00:44:03.404 [Worker-8] DEBUG o.a.p.ModelProcessor:80 - Processing root elements EActivityHandler: [com.hubahuma.mobile.news.MessageActivity]
00:44:03.412 [Worker-8] INFO  o.a.p.ModelProcessor:104 - Processing enclosed elements
00:44:03.416 [Worker-8] INFO  o.a.AndroidAnnotationProcessor:251 - Number of files generated by AndroidAnnotations: 1
00:44:03.421 [Worker-8] INFO  o.a.g.ApiCodeGenerator:52 - Writting following API classes in project: []
00:44:03.429 [Worker-8] DEBUG o.a.g.SourceCodewriter:55 - Generating class: com.hubahuma.mobile.news.MessageActivity_
00:44:03.436 [Worker-8] INFO  o.a.p.TimeStats:81 - Time measurements: [Whole Processing = 109 ms], [Find R Classes = 20 ms], [Validate Annotations = 20 ms], [Generate Sources = 20 ms], [Process Annotations = 16 ms], [Extract Annotations = 14 ms], [Extract Manifest = 8 ms], 
00:44:03.442 [Worker-8] INFO  o.a.AndroidAnnotationProcessor:123 - Finish processing
00:44:08.872 [Worker-4] INFO  o.a.AndroidAnnotationProcessor:85 - Initialize AndroidAnnotations 3.0.1 with options {phase=BUILD}
00:44:08.879 [Worker-4] INFO  o.a.AndroidAnnotationProcessor:109 - Start processing for 3 annotations on 3 elements
00:44:08.896 [Worker-4] DEBUG o.a.h.AndroidManifestFinder:137 - AndroidManifest.xml file found in parent folder C:\Projects_java\huba-huma: C:\Projects_java\huba-huma\AndroidManifest.xml
00:44:08.903 [Worker-4] INFO  o.a.AndroidAnnotationProcessor:172 - AndroidManifest.xml found: AndroidManifest [applicationPackage=com.hubahuma.mobile, componentQualifiedNames=[com.hubahuma.mobile.MainActivity_, com.hubahuma.mobile.NewsActivity_, com.hubahuma.mobile.WritingActivity_, com.hubahuma.mobile.DiscoveryActivity_, com.hubahuma.mobile.ProfileActivity_, com.hubahuma.mobile.InfoActivity_, com.hubahuma.mobile.news.MessageActivity_], permissionQualifiedNames=[], applicationClassName=null, libraryProject=false, debugabble=false, minSdkVersion=8, maxSdkVersion=-1, targetSdkVersion=20]
00:44:08.908 [Worker-4] INFO  o.a.r.ProjectRClassFinder:50 - Found project R class: com.hubahuma.mobile.R
00:44:08.916 [Worker-4] INFO  o.a.r.AndroidRClassFinder:44 - Found Android class: android.R
00:44:08.925 [Worker-4] INFO  o.a.p.ModelValidator:42 - Validating elements
00:44:08.931 [Worker-4] DEBUG o.a.p.ModelValidator:62 - Validating with EActivityHandler: [com.hubahuma.mobile.news.MessageActivity]
00:44:08.937 [Worker-4] DEBUG o.a.p.ModelValidator:62 - Validating with ClickHandler: [void btn_back() ]
00:44:08.942 [Worker-4] DEBUG o.a.p.ModelValidator:62 - Validating with NoTitleHandler: [com.hubahuma.mobile.news.MessageActivity]
00:44:08.947 [Worker-4] INFO  o.a.p.ModelProcessor:73 - Processing root elements
00:44:08.952 [Worker-4] DEBUG o.a.p.ModelProcessor:80 - Processing root elements EActivityHandler: [com.hubahuma.mobile.news.MessageActivity]
00:44:08.959 [Worker-4] INFO  o.a.p.ModelProcessor:104 - Processing enclosed elements
00:44:08.964 [Worker-4] INFO  o.a.AndroidAnnotationProcessor:251 - Number of files generated by AndroidAnnotations: 1
00:44:08.968 [Worker-4] INFO  o.a.g.ApiCodeGenerator:52 - Writting following API classes in project: []
00:44:08.972 [Worker-4] DEBUG o.a.g.SourceCodewriter:55 - Generating class: com.hubahuma.mobile.news.MessageActivity_
00:44:08.977 [Worker-4] INFO  o.a.p.TimeStats:81 - Time measurements: [Whole Processing = 98 ms], [Validate Annotations = 22 ms], [Find R Classes = 17 ms], [Process Annotations = 17 ms], [Generate Sources = 13 ms], [Extract Annotations = 12 ms], [Extract Manifest = 7 ms], 
00:44:08.981 [Worker-4] INFO  o.a.AndroidAnnotationProcessor:123 - Finish processing
00:44:18.981 [Worker-10] INFO  o.a.AndroidAnnotationProcessor:85 - Initialize AndroidAnnotations 3.0.1 with options {phase=BUILD}
00:44:18.988 [Worker-10] INFO  o.a.AndroidAnnotationProcessor:109 - Start processing for 3 annotations on 3 elements
00:44:19.9 [Worker-10] DEBUG o.a.h.AndroidManifestFinder:137 - AndroidManifest.xml file found in parent folder C:\Projects_java\huba-huma: C:\Projects_java\huba-huma\AndroidManifest.xml
00:44:19.18 [Worker-10] INFO  o.a.AndroidAnnotationProcessor:172 - AndroidManifest.xml found: AndroidManifest [applicationPackage=com.hubahuma.mobile, componentQualifiedNames=[com.hubahuma.mobile.MainActivity_, com.hubahuma.mobile.NewsActivity_, com.hubahuma.mobile.WritingActivity_, com.hubahuma.mobile.DiscoveryActivity_, com.hubahuma.mobile.ProfileActivity_, com.hubahuma.mobile.InfoActivity_, com.hubahuma.mobile.news.MessageActivity_], permissionQualifiedNames=[], applicationClassName=null, libraryProject=false, debugabble=false, minSdkVersion=8, maxSdkVersion=-1, targetSdkVersion=20]
00:44:19.23 [Worker-10] INFO  o.a.r.ProjectRClassFinder:50 - Found project R class: com.hubahuma.mobile.R
00:44:19.33 [Worker-10] INFO  o.a.r.AndroidRClassFinder:44 - Found Android class: android.R
00:44:19.43 [Worker-10] INFO  o.a.p.ModelValidator:42 - Validating elements
00:44:19.50 [Worker-10] DEBUG o.a.p.ModelValidator:62 - Validating with EActivityHandler: [com.hubahuma.mobile.news.MessageActivity]
00:44:19.54 [Worker-10] DEBUG o.a.p.ModelValidator:62 - Validating with ClickHandler: [void btn_back() ]
00:44:19.60 [Worker-10] DEBUG o.a.p.ModelValidator:62 - Validating with NoTitleHandler: [com.hubahuma.mobile.news.MessageActivity]
00:44:19.66 [Worker-10] INFO  o.a.p.ModelProcessor:73 - Processing root elements
00:44:19.70 [Worker-10] DEBUG o.a.p.ModelProcessor:80 - Processing root elements EActivityHandler: [com.hubahuma.mobile.news.MessageActivity]
00:44:19.77 [Worker-10] INFO  o.a.p.ModelProcessor:104 - Processing enclosed elements
00:44:19.82 [Worker-10] INFO  o.a.AndroidAnnotationProcessor:251 - Number of files generated by AndroidAnnotations: 1
00:44:19.86 [Worker-10] INFO  o.a.g.ApiCodeGenerator:52 - Writting following API classes in project: []
00:44:19.90 [Worker-10] DEBUG o.a.g.SourceCodewriter:55 - Generating class: com.hubahuma.mobile.news.MessageActivity_
00:44:19.96 [Worker-10] INFO  o.a.p.TimeStats:81 - Time measurements: [Whole Processing = 108 ms], [Validate Annotations = 23 ms], [Find R Classes = 20 ms], [Process Annotations = 16 ms], [Extract Annotations = 14 ms], [Generate Sources = 14 ms], [Extract Manifest = 9 ms], 
00:44:19.102 [Worker-10] INFO  o.a.AndroidAnnotationProcessor:123 - Finish processing
00:44:49.580 [Worker-1] INFO  o.a.AndroidAnnotationProcessor:85 - Initialize AndroidAnnotations 3.0.1 with options {phase=BUILD}
00:44:49.586 [Worker-1] INFO  o.a.AndroidAnnotationProcessor:109 - Start processing for 3 annotations on 1 elements
00:44:49.607 [Worker-1] DEBUG o.a.h.AndroidManifestFinder:137 - AndroidManifest.xml file found in parent folder C:\Projects_java\huba-huma: C:\Projects_java\huba-huma\AndroidManifest.xml
00:44:49.615 [Worker-1] INFO  o.a.AndroidAnnotationProcessor:172 - AndroidManifest.xml found: AndroidManifest [applicationPackage=com.hubahuma.mobile, componentQualifiedNames=[com.hubahuma.mobile.MainActivity_, com.hubahuma.mobile.NewsActivity_, com.hubahuma.mobile.WritingActivity_, com.hubahuma.mobile.DiscoveryActivity_, com.hubahuma.mobile.ProfileActivity_, com.hubahuma.mobile.InfoActivity_, com.hubahuma.mobile.news.MessageActivity_], permissionQualifiedNames=[], applicationClassName=null, libraryProject=false, debugabble=false, minSdkVersion=8, maxSdkVersion=-1, targetSdkVersion=20]
00:44:49.621 [Worker-1] INFO  o.a.r.ProjectRClassFinder:50 - Found project R class: com.hubahuma.mobile.R
00:44:49.632 [Worker-1] INFO  o.a.r.AndroidRClassFinder:44 - Found Android class: android.R
00:44:49.655 [Worker-1] INFO  o.a.p.ModelValidator:42 - Validating elements
00:44:49.661 [Worker-1] DEBUG o.a.p.ModelValidator:62 - Validating with EActivityHandler: [com.hubahuma.mobile.news.MessageActivity]
00:44:49.667 [Worker-1] DEBUG o.a.p.ModelValidator:62 - Validating with ClickHandler: [void btn_back() ]
00:44:49.674 [Worker-1] DEBUG o.a.p.ModelValidator:62 - Validating with NoTitleHandler: [com.hubahuma.mobile.news.MessageActivity]
00:44:49.680 [Worker-1] INFO  o.a.p.ModelProcessor:73 - Processing root elements
00:44:49.687 [Worker-1] DEBUG o.a.p.ModelProcessor:80 - Processing root elements EActivityHandler: [com.hubahuma.mobile.news.MessageActivity]
00:44:49.694 [Worker-1] INFO  o.a.p.ModelProcessor:104 - Processing enclosed elements
00:44:49.699 [Worker-1] INFO  o.a.AndroidAnnotationProcessor:251 - Number of files generated by AndroidAnnotations: 1
00:44:49.704 [Worker-1] INFO  o.a.g.ApiCodeGenerator:52 - Writting following API classes in project: []
00:44:49.709 [Worker-1] DEBUG o.a.g.SourceCodewriter:55 - Generating class: com.hubahuma.mobile.news.MessageActivity_
00:44:49.716 [Worker-1] INFO  o.a.p.TimeStats:81 - Time measurements: [Whole Processing = 130 ms], [Find R Classes = 34 ms], [Validate Annotations = 25 ms], [Process Annotations = 19 ms], [Generate Sources = 17 ms], [Extract Annotations = 13 ms], [Extract Manifest = 9 ms], 
00:44:49.722 [Worker-1] INFO  o.a.AndroidAnnotationProcessor:123 - Finish processing
