#
# A fatal error has been detected by the Java Runtime Environment:
#
#  Internal Error (javaClasses.cpp:124), pid=6180, tid=2752
#  fatal error: Invalid layout of preloaded class
#
# JRE version:  (8.0_11-b12) (build )
# Java VM: Java HotSpot(TM) 64-Bit Server VM (25.11-b03 mixed mode windows-amd64 compressed oops)
# Failed to write core dump. Minidumps are not enabled by default on client versions of Windows
#
# If you would like to submit a bug report, please visit:
#   http://bugreport.sun.com/bugreport/crash.jsp
#

---------------  T H R E A D  ---------------

Current thread (0x00000000028a2800):  JavaThread "Unknown thread" [_thread_in_vm, id=2752, stack(0x0000000002470000,0x0000000002570000)]

Stack: [0x0000000002470000,0x0000000002570000]
Native frames: (J=compiled Java code, j=interpreted, Vv=VM code, C=native code)
V  [jvm.dll+0x308eca]
V  [jvm.dll+0x25e121]
V  [jvm.dll+0x25ed33]
V  [jvm.dll+0x256686]
V  [jvm.dll+0x5d4cc]
V  [jvm.dll+0x5d5c3]
V  [jvm.dll+0x71efa]
V  [jvm.dll+0x72258]
V  [jvm.dll+0xe1927]
V  [jvm.dll+0xe1cb6]
V  [jvm.dll+0x1f1407]
V  [jvm.dll+0x2229b4]
V  [jvm.dll+0x14a151]
C  [javaw.exe+0x208a]
C  [javaw.exe+0xc9fb]
C  [javaw.exe+0xca8f]
C  [KERNEL32.DLL+0x16ad]
C  [ntdll.dll+0x734a5]


---------------  P R O C E S S  ---------------

Java Threads: ( => current thread )

Other Threads:

=>0x00000000028a2800 (exited) JavaThread "Unknown thread" [_thread_in_vm, id=2752, stack(0x0000000002470000,0x0000000002570000)]

VM state:not at safepoint (not fully initialized)

VM Mutex/Monitor currently owned by a thread: None

GC Heap History (0 events):
No events

Deoptimization events (0 events):
No events

Internal exceptions (0 events):
No events

Events (10 events):
Event: 0.049 loading class java/lang/CharSequence done
Event: 0.049 loading class java/lang/String done
Event: 0.049 loading class java/lang/Class
Event: 0.050 loading class java/lang/reflect/AnnotatedElement
Event: 0.050 loading class java/lang/reflect/AnnotatedElement done
Event: 0.050 loading class java/lang/reflect/GenericDeclaration
Event: 0.050 loading class java/lang/reflect/GenericDeclaration done
Event: 0.050 loading class java/lang/reflect/Type
Event: 0.050 loading class java/lang/reflect/Type done
Event: 0.050 loading class java/lang/Class done


Dynamic libraries:
0x00007ff6f9730000 - 0x00007ff6f9764000 	C:\Program Files\Java\jdk1.8.0_11\bin\javaw.exe
0x00007ffe80930000 - 0x00007ffe80ada000 	C:\WINDOWS\SYSTEM32\ntdll.dll
0x00007ffe7e9f0000 - 0x00007ffe7eb2a000 	C:\WINDOWS\system32\KERNEL32.DLL
0x00007ffe7dd70000 - 0x00007ffe7de7f000 	C:\WINDOWS\system32\KERNELBASE.dll
0x00007ffe7c730000 - 0x00007ffe7c7b8000 	C:\WINDOWS\system32\apphelp.dll
0x00007ffe72100000 - 0x00007ffe7214f000 	C:\WINDOWS\AppPatch\AppPatch64\AcGenral.DLL
0x00007ffe7e760000 - 0x00007ffe7e807000 	C:\WINDOWS\system32\msvcrt.dll
0x00007ffe7dae0000 - 0x00007ffe7db0b000 	C:\WINDOWS\SYSTEM32\SspiCli.dll
0x00007ffe7ec50000 - 0x00007ffe7eca1000 	C:\WINDOWS\system32\SHLWAPI.dll
0x00007ffe7e1b0000 - 0x00007ffe7e321000 	C:\WINDOWS\system32\USER32.dll
0x00007ffe7e870000 - 0x00007ffe7e9e8000 	C:\WINDOWS\system32\ole32.dll
0x00007ffe7ef80000 - 0x00007ffe803a0000 	C:\WINDOWS\system32\SHELL32.dll
0x00007ffe7d590000 - 0x00007ffe7d5ae000 	C:\WINDOWS\SYSTEM32\USERENV.dll
0x00007ffe80630000 - 0x00007ffe806d5000 	C:\WINDOWS\system32\ADVAPI32.dll
0x00007ffe72f70000 - 0x00007ffe72f8b000 	C:\WINDOWS\SYSTEM32\MPR.dll
0x00007ffe804f0000 - 0x00007ffe80627000 	C:\WINDOWS\system32\RPCRT4.dll
0x00007ffe808d0000 - 0x00007ffe80927000 	C:\WINDOWS\SYSTEM32\sechost.dll
0x00007ffe806e0000 - 0x00007ffe808b6000 	C:\WINDOWS\SYSTEM32\combase.dll
0x00007ffe803a0000 - 0x00007ffe804e4000 	C:\WINDOWS\system32\GDI32.dll
0x00007ffe7dca0000 - 0x00007ffe7dcb4000 	C:\WINDOWS\SYSTEM32\profapi.dll
0x00007ffe7bf30000 - 0x00007ffe7bfcf000 	C:\WINDOWS\SYSTEM32\SHCORE.dll
0x00007ffe7ef40000 - 0x00007ffe7ef74000 	C:\WINDOWS\system32\IMM32.DLL
0x00007ffe7ee00000 - 0x00007ffe7ef39000 	C:\WINDOWS\system32\MSCTF.dll
0x00007ffe7b690000 - 0x00007ffe7b8ea000 	C:\WINDOWS\WinSxS\amd64_microsoft.windows.common-controls_6595b64144ccf1df_6.0.9600.17031_none_6242a4b3ecbb55a1\COMCTL32.dll
0x0000000055260000 - 0x0000000055332000 	C:\Program Files\Java\jdk1.8.0_11\jre\bin\msvcr100.dll
0x0000000055620000 - 0x0000000055e4a000 	C:\Program Files\Java\jdk1.8.0_11\jre\bin\server\jvm.dll
0x00007ffe76280000 - 0x00007ffe76289000 	C:\WINDOWS\SYSTEM32\WSOCK32.dll
0x00007ffe76a60000 - 0x00007ffe76a7f000 	C:\WINDOWS\SYSTEM32\WINMM.dll
0x00007ffe7e540000 - 0x00007ffe7e547000 	C:\WINDOWS\system32\PSAPI.DLL
0x00007ffe7e330000 - 0x00007ffe7e388000 	C:\WINDOWS\system32\WS2_32.dll
0x00007ffe708b0000 - 0x00007ffe708da000 	C:\WINDOWS\SYSTEM32\WINMMBASE.dll
0x00007ffe7e530000 - 0x00007ffe7e539000 	C:\WINDOWS\system32\NSI.dll
0x00007ffe7e160000 - 0x00007ffe7e1aa000 	C:\WINDOWS\SYSTEM32\cfgmgr32.dll
0x00007ffe7cb20000 - 0x00007ffe7cb46000 	C:\WINDOWS\SYSTEM32\DEVOBJ.dll
0x0000000055610000 - 0x000000005561f000 	C:\Program Files\Java\jdk1.8.0_11\jre\bin\verify.dll
0x00000000555e0000 - 0x0000000055608000 	C:\Program Files\Java\jdk1.8.0_11\jre\bin\java.dll
0x0000000055220000 - 0x0000000055255000 	C:\Program Files\Java\jdk1.8.0_11\jre\bin\jdwp.dll
0x0000000055210000 - 0x0000000055218000 	C:\Program Files\Java\jdk1.8.0_11\jre\bin\npt.dll
0x00000000555c0000 - 0x00000000555d6000 	C:\Program Files\Java\jdk1.8.0_11\jre\bin\zip.dll
0x00007ffe73900000 - 0x00007ffe73a88000 	C:\WINDOWS\SYSTEM32\dbghelp.dll

VM Arguments:
jvm_args: -agentlib:jdwp=transport=dt_socket,suspend=y,address=localhost:49674 -Dfile.encoding=UTF-8 -Xbootclasspath:C:\Program Files\Android\android-sdk\platforms\android-19\android.jar 
java_command: com.hubahuma.mobile.writing.MyNoitceListViewAdapter
java_class_path (initial): C:\Projects_java\huba-huma\bin\classes;C:\Projects_java\appcompat_v7\libs\android-support-v4.jar;C:\Projects_java\huba-huma\libs\androidannotations-api-3.0.1.jar;C:\Projects_java\huba-huma\libs\baidumapapi_v3_1_0.jar;C:\Projects_java\appcompat_v7\libs\android-support-v7-appcompat.jar;C:\Projects_java\appcompat_v7\bin\appcompat_v7.jar;C:\Projects_java\library\bin\library.jar;C:\Projects_java\huba-huma\compile-libs\androidannotations-3.0.1.jar
Launcher Type: SUN_STANDARD

Environment Variables:
JAVA_HOME=C:\Program Files\Java\jdk1.8.0_11
CLASSPATH=.;C:\Program Files\Java\jdk1.8.0_11\lib\dt.jar;C:\Program Files\Java\jdk1.8.0_11\lib\tools.jar;C:\Program Files\apache-ant-1.8.4\lib;C:\Program Files\apache-tomcat-7.0.37\lib\servlet-api.jar;C:\Program Files\apache-tomcat-7.0.37\lib\jsp-api.jar;
PATH=C:\Program Files\Java\jdk1.8.0_11\jre\bin;C:/Program Files/Java/jdk1.8.0_11/bin/../jre/bin/server;C:/Program Files/Java/jdk1.8.0_11/bin/../jre/bin;C:/Program Files/Java/jdk1.8.0_11/bin/../jre/lib/amd64;C:\Program Files (x86)\Intel\iCLS Client\;C:\Program Files\Intel\iCLS Client\;C:\Program Files\Java\jdk1.8.0_11\bin;C:\Program Files\Microsoft\Web Platform Installer\;C:\Program Files (x86)\Microsoft ASP.NET\ASP.NET Web Pages\v1.0\;C:\Program Files (x86)\Windows Kits\8.0\Windows Performance Toolkit\;C:\Program Files\Microsoft SQL Server\110\Tools\Binn\;C:\windows\system32;C:\Program Files\apache-tomcat-7.0.37\bin;C:\Program Files\curl;C:\Program Files (x86)\CMake 2.8\bin;C:\Program Files\nodejs\;C:\Program Files (x86)\Intel\OpenCL SDK\3.0\bin\x86;C:\Program Files (x86)\Intel\OpenCL SDK\3.0\bin\x64;C:\CTEX\UserData\miktex\bin;C:\CTEX\MiKTeX\miktex\bin;C:\CTEX\CTeX\ctex\bin;C:\CTEX\CTeX\cct\bin;C:\CTEX\CTeX\ty\bin;C:\CTEX\Ghostscript\gs9.05\bin;C:\CTEX\GSview\gsview;C:\CTEX\WinEdt;C:\WINDOWS\system32;C:\WINDOWS;C:\WINDOWS\System32\Wbem;C:\WINDOWS\System32\WindowsPowerShell\v1.0\;C:\Program Files\Intel\Intel(R) Management Engine Components\DAL;C:\Program Files\Intel\Intel(R) Management Engine Components\IPT;C:\Program Files (x86)\Intel\Intel(R) Management Engine Components\DAL;C:\Program Files (x86)\Intel\Intel(R) Management Engine Components\IPT;C:\Program Files\Android\android-sdk\platform-tools;C:\Program Files\Android\android-sdk\tools;C:\Users\SAMSUNG\AppData\Roaming\npm;C:\eclipse-luna;
USERNAME=SAMSUNG
OS=Windows_NT
PROCESSOR_IDENTIFIER=Intel64 Family 6 Model 58 Stepping 9, GenuineIntel



---------------  S Y S T E M  ---------------

OS: Windows 8.1 , 64 bit Build 9600 

CPU:total 4 (2 cores per cpu, 2 threads per core) family 6 model 58 stepping 9, cmov, cx8, fxsr, mmx, sse, sse2, sse3, ssse3, sse4.1, sse4.2, popcnt, avx, clmul, erms, ht, tsc, tscinvbit

Memory: 4k page, physical 3806752k(1014716k free), swap 7083556k(3609940k free)

vm_info: Java HotSpot(TM) 64-Bit Server VM (25.11-b03) for windows-amd64 JRE (1.8.0_11-b12), built on Jun 16 2014 20:57:32 by "java_re" with MS VC++ 10.0 (VS2010)

time: Sun Sep 07 16:41:51 2014
elapsed time: 0 seconds

